<?xml version="1.0" encoding="UTF-8" ?>
<testsuite tests="1" failures="1" name="test2.test2" time="2.076" errors="0" skipped="0">
  <properties>
[...]
</properties>
  <testcase classname="test2.test2" name="test2.test2.testpost" time="2.076">
    <failure message="2 expectations failed.
Expected response time was not a value less than &lt;500L&gt; milliseconds, was 610 milliseconds (610 milliseconds).
JSON path r doesn&apos;t match.
Expected: &lt;0&gt;
  Actual: 1
" type="java.lang.AssertionError">java.lang.AssertionError: 2 expectations failed.
Expected response time was not a value less than &lt;500L&gt; milliseconds, was 610 milliseconds (610 milliseconds).
JSON path r doesn&apos;t match.
Expected: &lt;0&gt;
  Actual: 1

	at sun.reflect.NativeConstructorAccessorImpl.newInstance0(Native Method)
	at sun.reflect.NativeConstructorAccessorImpl.newInstance(NativeConstructorAccessorImpl.java:62)
	at sun.reflect.DelegatingConstructorAccessorImpl.newInstance(DelegatingConstructorAccessorImpl.java:45)
	at java.lang.reflect.Constructor.newInstance(Constructor.java:423)
	at org.codehaus.groovy.reflection.CachedConstructor.invoke(CachedConstructor.java:83)
	at org.codehaus.groovy.reflection.CachedConstructor.doConstructorInvoke(CachedConstructor.java:77)
	at org.codehaus.groovy.runtime.callsite.ConstructorSite$ConstructorSiteNoUnwrap.callConstructor(ConstructorSite.java:84)
	at org.codehaus.groovy.runtime.callsite.CallSiteArray.defaultCallConstructor(CallSiteArray.java:60)
	at org.codehaus.groovy.runtime.callsite.AbstractCallSite.callConstructor(AbstractCallSite.java:235)
	at org.codehaus.groovy.runtime.callsite.AbstractCallSite.callConstructor(AbstractCallSite.java:247)
	at io.restassured.internal.ResponseSpecificationImpl$HamcrestAssertionClosure.validate(ResponseSpecificationImpl.groovy:470)
	at io.restassured.internal.ResponseSpecificationImpl$HamcrestAssertionClosure$validate$1.call(Unknown Source)
	at org.codehaus.groovy.runtime.callsite.CallSiteArray.defaultCall(CallSiteArray.java:48)
	at org.codehaus.groovy.runtime.callsite.AbstractCallSite.call(AbstractCallSite.java:113)
	at org.codehaus.groovy.runtime.callsite.AbstractCallSite.call(AbstractCallSite.java:125)
	at io.restassured.internal.ResponseSpecificationImpl.validate(ResponseSpecificationImpl.groovy:87)
	at io.restassured.internal.ValidatableResponseOptionsImpl.specification(ValidatableResponseOptionsImpl.java:311)
	at io.restassured.internal.ValidatableResponseOptionsImpl.spec(ValidatableResponseOptionsImpl.java:292)
	at test2.test2.testpost(test2.java:203)
</failure>
    <system-out>HTTP/1.1 200 OK
Server: nginx
Date: Tue, 15 May 2018 01:57:14 GMT
Content-Type: application/json
Transfer-Encoding: chunked
Connection: close

{
    &quot;r&quot;: 1,
    &quot;d&quot;: &quot;账号已在其它设备上登录&quot;,
    &quot;dev&quot;: {
        &quot;c_t&quot;: 1526349434,
        &quot;class&quot;: &quot;PlayerController&quot;,
        &quot;method&quot;: &quot;index&quot;,
        &quot;db&quot;: {
            &quot;Player&quot;: {
                &quot;findOne&quot;: {
                    &quot;{\&quot;token\&quot;:\&quot;cbd1da997c99c99afacbb8f7bd69859f\&quot;}&quot;: 1
                }
            }
        },
        &quot;t&quot;: 4,
        &quot;memory&quot;: 2048
    }
}
</system-out>
  </testcase>
</testsuite>