<?xml version="1.0" encoding="UTF-8" ?>
<testsuite tests="4" failures="0" name="testcase.login.testUserLogin" time="2.406" errors="0" skipped="0">
  <properties>
[...]
</properties>
  <testcase classname="testcase.login.testUserLogin" name="testUserlogin" time="2.175"/>
  <testcase classname="testcase.login.testUserLogin" name="testUserlogin1" time="0.055"/>
  <testcase classname="testcase.login.testUserLogin" name="testUserlogin2" time="0.072"/>
  <testcase classname="testcase.login.testUserLogin" name="testUserlogin3" time="0.104"/>
</testsuite>